<?xml version="1.0" encoding="UTF-8"?>
<testsuite xmlns:xsi="http://www.w3.org/2001/XMLSchema-instance" xsi:noNamespaceSchemaLocation="https://maven.apache.org/surefire/maven-surefire-plugin/xsd/surefire-test-report.xsd" version="3.0.2" name="com.lovemp.domain.customer.domain.model.entity.CustomerSharingTest" time="0.014" tests="21" errors="0" skipped="0" failures="0">
  <properties>
[...]
</properties>
  <testcase name="should_check_sharing_type" classname="com.lovemp.domain.customer.domain.model.entity.CustomerSharingTest" time="0.005"/>
  <testcase name="should_check_if_in_valid_period_correctly" classname="com.lovemp.domain.customer.domain.model.entity.CustomerSharingTest" time="0.0"/>
  <testcase name="should_update_auth_level" classname="com.lovemp.domain.customer.domain.model.entity.CustomerSharingTest" time="0.001"/>
  <testcase name="should_throw_exception_when_deactivating_with_empty_reason" classname="com.lovemp.domain.customer.domain.model.entity.CustomerSharingTest" time="0.0"/>
  <testcase name="should_create_customer_sharing" classname="com.lovemp.domain.customer.domain.model.entity.CustomerSharingTest" time="0.001"/>
  <testcase name="should_deactivate_sharing" classname="com.lovemp.domain.customer.domain.model.entity.CustomerSharingTest" time="0.0"/>
  <testcase name="should_throw_exception_when_extending_with_earlier_date" classname="com.lovemp.domain.customer.domain.model.entity.CustomerSharingTest" time="0.001"/>
  <testcase name="should_check_if_can_access_correctly" classname="com.lovemp.domain.customer.domain.model.entity.CustomerSharingTest" time="0.0"/>
  <testcase name="should_throw_exception_when_activating_out_of_valid_period" classname="com.lovemp.domain.customer.domain.model.entity.CustomerSharingTest" time="0.0"/>
  <testcase name="should_throw_exception_when_end_date_before_start_date" classname="com.lovemp.domain.customer.domain.model.entity.CustomerSharingTest" time="0.0"/>
  <testcase name="should_create_permanent_sharing" classname="com.lovemp.domain.customer.domain.model.entity.CustomerSharingTest" time="0.0"/>
  <testcase name="should_throw_exception_when_source_and_target_brand_are_same" classname="com.lovemp.domain.customer.domain.model.entity.CustomerSharingTest" time="0.0"/>
  <testcase name="should_do_nothing_when_activating_already_active_sharing" classname="com.lovemp.domain.customer.domain.model.entity.CustomerSharingTest" time="0.0"/>
  <testcase name="should_check_if_expiring_soon" classname="com.lovemp.domain.customer.domain.model.entity.CustomerSharingTest" time="0.0"/>
  <testcase name="should_throw_exception_when_updating_auth_level_for_inactive_sharing" classname="com.lovemp.domain.customer.domain.model.entity.CustomerSharingTest" time="0.001"/>
  <testcase name="should_not_access_when_out_of_valid_period" classname="com.lovemp.domain.customer.domain.model.entity.CustomerSharingTest" time="0.0"/>
  <testcase name="should_extend_valid_period" classname="com.lovemp.domain.customer.domain.model.entity.CustomerSharingTest" time="0.001"/>
  <testcase name="should_throw_exception_when_extending_with_date_before_start" classname="com.lovemp.domain.customer.domain.model.entity.CustomerSharingTest" time="0.0"/>
  <testcase name="should_activate_sharing" classname="com.lovemp.domain.customer.domain.model.entity.CustomerSharingTest" time="0.0"/>
  <testcase name="should_throw_exception_when_creating_with_null_parameters" classname="com.lovemp.domain.customer.domain.model.entity.CustomerSharingTest" time="0.0"/>
  <testcase name="should_not_access_when_not_active" classname="com.lovemp.domain.customer.domain.model.entity.CustomerSharingTest" time="0.0"/>
</testsuite>